[2015-04-29 07:07:55] production.ERROR: exception 'Symfony\Component\Debug\Exception\FatalErrorException' with message 'Class 'Zizaco\MongolidLaravel\MongolidServiceProvider' not found' in /var/www/vendor/compiled.php:6466
Stack trace:
#0 /var/www/vendor/compiled.php(1743): Symfony\Component\Debug\Exception\FatalErrorException->__construct()
#1 /var/www/vendor/compiled.php(1738): Illuminate\Foundation\Bootstrap\HandleExceptions->fatalExceptionFromError()
#2 /var/www/vendor/compiled.php(0): Illuminate\Foundation\Bootstrap\HandleExceptions->handleShutdown()
#3 /var/www/vendor/compiled.php(6452): Illuminate\Foundation\ProviderRepository->createProvider()
#4 /var/www/vendor/compiled.php(6428): Illuminate\Foundation\ProviderRepository->compileManifest()
#5 /var/www/vendor/compiled.php(1421): Illuminate\Foundation\ProviderRepository->load()
#6 /var/www/vendor/compiled.php(1775): Illuminate\Foundation\Application->registerConfiguredProviders()
#7 /var/www/vendor/compiled.php(1311): Illuminate\Foundation\Bootstrap\RegisterProviders->bootstrap()
#8 /var/www/vendor/compiled.php(1928): Illuminate\Foundation\Application->bootstrapWith()
#9 /var/www/vendor/compiled.php(1890): Illuminate\Foundation\Http\Kernel->bootstrap()
#10 /var/www/vendor/compiled.php(1880): Illuminate\Foundation\Http\Kernel->sendRequestThroughRouter()
#11 /var/www/public/index.php(53): Illuminate\Foundation\Http\Kernel->handle()
#12 /var/www/public/index.php(0): {main}()
#13 {main}  
[2015-04-29 07:20:01] production.ERROR: exception 'Symfony\Component\Debug\Exception\FatalErrorException' with message 'Class 'Zizaco\MongolidLaravel\MongolidServiceProvider' not found' in /var/www/vendor/compiled.php:6466
Stack trace:
#0 /var/www/vendor/compiled.php(1743): Symfony\Component\Debug\Exception\FatalErrorException->__construct()
#1 /var/www/vendor/compiled.php(1738): Illuminate\Foundation\Bootstrap\HandleExceptions->fatalExceptionFromError()
#2 /var/www/vendor/compiled.php(0): Illuminate\Foundation\Bootstrap\HandleExceptions->handleShutdown()
#3 /var/www/vendor/compiled.php(6452): Illuminate\Foundation\ProviderRepository->createProvider()
#4 /var/www/vendor/compiled.php(6428): Illuminate\Foundation\ProviderRepository->compileManifest()
#5 /var/www/vendor/compiled.php(1421): Illuminate\Foundation\ProviderRepository->load()
#6 /var/www/vendor/compiled.php(1775): Illuminate\Foundation\Application->registerConfiguredProviders()
#7 /var/www/vendor/compiled.php(1311): Illuminate\Foundation\Bootstrap\RegisterProviders->bootstrap()
#8 /var/www/vendor/compiled.php(1928): Illuminate\Foundation\Application->bootstrapWith()
#9 /var/www/vendor/compiled.php(1890): Illuminate\Foundation\Http\Kernel->bootstrap()
#10 /var/www/vendor/compiled.php(1880): Illuminate\Foundation\Http\Kernel->sendRequestThroughRouter()
#11 /var/www/public/index.php(53): Illuminate\Foundation\Http\Kernel->handle()
#12 /var/www/public/index.php(0): {main}()
#13 {main}  
[2015-04-29 07:20:03] production.ERROR: exception 'Symfony\Component\Debug\Exception\FatalErrorException' with message 'Class 'Zizaco\MongolidLaravel\MongolidServiceProvider' not found' in /var/www/vendor/compiled.php:6466
Stack trace:
#0 /var/www/vendor/compiled.php(1743): Symfony\Component\Debug\Exception\FatalErrorException->__construct()
#1 /var/www/vendor/compiled.php(1738): Illuminate\Foundation\Bootstrap\HandleExceptions->fatalExceptionFromError()
#2 /var/www/vendor/compiled.php(0): Illuminate\Foundation\Bootstrap\HandleExceptions->handleShutdown()
#3 /var/www/vendor/compiled.php(6452): Illuminate\Foundation\ProviderRepository->createProvider()
#4 /var/www/vendor/compiled.php(6428): Illuminate\Foundation\ProviderRepository->compileManifest()
#5 /var/www/vendor/compiled.php(1421): Illuminate\Foundation\ProviderRepository->load()
#6 /var/www/vendor/compiled.php(1775): Illuminate\Foundation\Application->registerConfiguredProviders()
#7 /var/www/vendor/compiled.php(1311): Illuminate\Foundation\Bootstrap\RegisterProviders->bootstrap()
#8 /var/www/vendor/compiled.php(1928): Illuminate\Foundation\Application->bootstrapWith()
#9 /var/www/vendor/compiled.php(1890): Illuminate\Foundation\Http\Kernel->bootstrap()
#10 /var/www/vendor/compiled.php(1880): Illuminate\Foundation\Http\Kernel->sendRequestThroughRouter()
#11 /var/www/public/index.php(53): Illuminate\Foundation\Http\Kernel->handle()
#12 /var/www/public/index.php(0): {main}()
#13 {main}  
[2015-04-29 07:20:15] production.ERROR: exception 'Symfony\Component\Debug\Exception\FatalErrorException' with message 'Class 'Zizaco\MongolidLaravel\MongolidServiceProvider' not found' in /var/www/vendor/compiled.php:6466
Stack trace:
#0 /var/www/vendor/compiled.php(1743): Symfony\Component\Debug\Exception\FatalErrorException->__construct()
#1 /var/www/vendor/compiled.php(1738): Illuminate\Foundation\Bootstrap\HandleExceptions->fatalExceptionFromError()
#2 /var/www/vendor/compiled.php(0): Illuminate\Foundation\Bootstrap\HandleExceptions->handleShutdown()
#3 /var/www/vendor/compiled.php(6452): Illuminate\Foundation\ProviderRepository->createProvider()
#4 /var/www/vendor/compiled.php(6428): Illuminate\Foundation\ProviderRepository->compileManifest()
#5 /var/www/vendor/compiled.php(1421): Illuminate\Foundation\ProviderRepository->load()
#6 /var/www/vendor/compiled.php(1775): Illuminate\Foundation\Application->registerConfiguredProviders()
#7 /var/www/vendor/compiled.php(1311): Illuminate\Foundation\Bootstrap\RegisterProviders->bootstrap()
#8 /var/www/vendor/laravel/framework/src/Illuminate/Foundation/Console/Kernel.php(191): Illuminate\Foundation\Application->bootstrapWith()
#9 /var/www/vendor/laravel/framework/src/Illuminate/Foundation/Console/Kernel.php(88): Illuminate\Foundation\Console\Kernel->bootstrap()
#10 /var/www/artisan(36): Illuminate\Foundation\Console\Kernel->handle()
#11 /var/www/artisan(0): {main}()
#12 {main}  
[2015-04-29 07:27:20] production.ERROR: exception 'Symfony\Component\Debug\Exception\FatalErrorException' with message 'Class 'Zizaco\MongolidLaravel\MongolidServiceProvider' not found' in /var/www/vendor/compiled.php:6466
Stack trace:
#0 /var/www/vendor/compiled.php(1743): Symfony\Component\Debug\Exception\FatalErrorException->__construct()
#1 /var/www/vendor/compiled.php(1738): Illuminate\Foundation\Bootstrap\HandleExceptions->fatalExceptionFromError()
#2 /var/www/vendor/compiled.php(0): Illuminate\Foundation\Bootstrap\HandleExceptions->handleShutdown()
#3 /var/www/vendor/compiled.php(6452): Illuminate\Foundation\ProviderRepository->createProvider()
#4 /var/www/vendor/compiled.php(6428): Illuminate\Foundation\ProviderRepository->compileManifest()
#5 /var/www/vendor/compiled.php(1421): Illuminate\Foundation\ProviderRepository->load()
#6 /var/www/vendor/compiled.php(1775): Illuminate\Foundation\Application->registerConfiguredProviders()
#7 /var/www/vendor/compiled.php(1311): Illuminate\Foundation\Bootstrap\RegisterProviders->bootstrap()
#8 /var/www/vendor/laravel/framework/src/Illuminate/Foundation/Console/Kernel.php(191): Illuminate\Foundation\Application->bootstrapWith()
#9 /var/www/vendor/laravel/framework/src/Illuminate/Foundation/Console/Kernel.php(88): Illuminate\Foundation\Console\Kernel->bootstrap()
#10 /var/www/artisan(36): Illuminate\Foundation\Console\Kernel->handle()
#11 /var/www/artisan(0): {main}()
#12 {main}  
[2015-04-29 07:31:08] production.ERROR: exception 'Symfony\Component\Debug\Exception\FatalErrorException' with message 'Class 'eBibliothek\Providers\AppServiceProvider' not found' in /var/www/vendor/compiled.php:6466
Stack trace:
#0 /var/www/vendor/compiled.php(1743): Symfony\Component\Debug\Exception\FatalErrorException->__construct()
#1 /var/www/vendor/compiled.php(1738): Illuminate\Foundation\Bootstrap\HandleExceptions->fatalExceptionFromError()
#2 /var/www/vendor/compiled.php(0): Illuminate\Foundation\Bootstrap\HandleExceptions->handleShutdown()
#3 /var/www/vendor/compiled.php(6452): Illuminate\Foundation\ProviderRepository->createProvider()
#4 /var/www/vendor/compiled.php(6428): Illuminate\Foundation\ProviderRepository->compileManifest()
#5 /var/www/vendor/compiled.php(1421): Illuminate\Foundation\ProviderRepository->load()
#6 /var/www/vendor/compiled.php(1775): Illuminate\Foundation\Application->registerConfiguredProviders()
#7 /var/www/vendor/compiled.php(1311): Illuminate\Foundation\Bootstrap\RegisterProviders->bootstrap()
#8 /var/www/vendor/laravel/framework/src/Illuminate/Foundation/Console/Kernel.php(191): Illuminate\Foundation\Application->bootstrapWith()
#9 /var/www/vendor/laravel/framework/src/Illuminate/Foundation/Console/Kernel.php(88): Illuminate\Foundation\Console\Kernel->bootstrap()
#10 /var/www/artisan(36): Illuminate\Foundation\Console\Kernel->handle()
#11 /var/www/artisan(0): {main}()
#12 {main}  
[2015-04-29 07:32:10] production.ERROR: exception 'Symfony\Component\Debug\Exception\FatalErrorException' with message 'Class 'eBibliothek\Providers\AppServiceProvider' not found' in /var/www/vendor/compiled.php:6466
Stack trace:
#0 /var/www/vendor/compiled.php(1743): Symfony\Component\Debug\Exception\FatalErrorException->__construct()
#1 /var/www/vendor/compiled.php(1738): Illuminate\Foundation\Bootstrap\HandleExceptions->fatalExceptionFromError()
#2 /var/www/vendor/compiled.php(0): Illuminate\Foundation\Bootstrap\HandleExceptions->handleShutdown()
#3 /var/www/vendor/compiled.php(6452): Illuminate\Foundation\ProviderRepository->createProvider()
#4 /var/www/vendor/compiled.php(6428): Illuminate\Foundation\ProviderRepository->compileManifest()
#5 /var/www/vendor/compiled.php(1421): Illuminate\Foundation\ProviderRepository->load()
#6 /var/www/vendor/compiled.php(1775): Illuminate\Foundation\Application->registerConfiguredProviders()
#7 /var/www/vendor/compiled.php(1311): Illuminate\Foundation\Bootstrap\RegisterProviders->bootstrap()
#8 /var/www/vendor/compiled.php(1928): Illuminate\Foundation\Application->bootstrapWith()
#9 /var/www/vendor/compiled.php(1890): Illuminate\Foundation\Http\Kernel->bootstrap()
#10 /var/www/vendor/compiled.php(1880): Illuminate\Foundation\Http\Kernel->sendRequestThroughRouter()
#11 /var/www/public/index.php(53): Illuminate\Foundation\Http\Kernel->handle()
#12 /var/www/public/index.php(0): {main}()
#13 {main}  
[2015-04-29 07:32:59] production.ERROR: exception 'Symfony\Component\Debug\Exception\FatalErrorException' with message 'Class 'eBibliothek\Providers\AppServiceProvider' not found' in /var/www/vendor/compiled.php:6466
Stack trace:
#0 /var/www/vendor/compiled.php(1743): Symfony\Component\Debug\Exception\FatalErrorException->__construct()
#1 /var/www/vendor/compiled.php(1738): Illuminate\Foundation\Bootstrap\HandleExceptions->fatalExceptionFromError()
#2 /var/www/vendor/compiled.php(0): Illuminate\Foundation\Bootstrap\HandleExceptions->handleShutdown()
#3 /var/www/vendor/compiled.php(6452): Illuminate\Foundation\ProviderRepository->createProvider()
#4 /var/www/vendor/compiled.php(6428): Illuminate\Foundation\ProviderRepository->compileManifest()
#5 /var/www/vendor/compiled.php(1421): Illuminate\Foundation\ProviderRepository->load()
#6 /var/www/vendor/compiled.php(1775): Illuminate\Foundation\Application->registerConfiguredProviders()
#7 /var/www/vendor/compiled.php(1311): Illuminate\Foundation\Bootstrap\RegisterProviders->bootstrap()
#8 /var/www/vendor/laravel/framework/src/Illuminate/Foundation/Console/Kernel.php(191): Illuminate\Foundation\Application->bootstrapWith()
#9 /var/www/vendor/laravel/framework/src/Illuminate/Foundation/Console/Kernel.php(88): Illuminate\Foundation\Console\Kernel->bootstrap()
#10 /var/www/artisan(36): Illuminate\Foundation\Console\Kernel->handle()
#11 /var/www/artisan(0): {main}()
#12 {main}  
[2015-04-29 07:34:35] production.ERROR: exception 'Symfony\Component\Debug\Exception\FatalErrorException' with message 'Class 'eBibliothek\Providers\AppServiceProvider' not found' in /var/www/vendor/compiled.php:6466
Stack trace:
#0 /var/www/vendor/compiled.php(1743): Symfony\Component\Debug\Exception\FatalErrorException->__construct()
#1 /var/www/vendor/compiled.php(1738): Illuminate\Foundation\Bootstrap\HandleExceptions->fatalExceptionFromError()
#2 /var/www/vendor/compiled.php(0): Illuminate\Foundation\Bootstrap\HandleExceptions->handleShutdown()
#3 /var/www/vendor/compiled.php(6452): Illuminate\Foundation\ProviderRepository->createProvider()
#4 /var/www/vendor/compiled.php(6428): Illuminate\Foundation\ProviderRepository->compileManifest()
#5 /var/www/vendor/compiled.php(1421): Illuminate\Foundation\ProviderRepository->load()
#6 /var/www/vendor/compiled.php(1775): Illuminate\Foundation\Application->registerConfiguredProviders()
#7 /var/www/vendor/compiled.php(1311): Illuminate\Foundation\Bootstrap\RegisterProviders->bootstrap()
#8 /var/www/vendor/laravel/framework/src/Illuminate/Foundation/Console/Kernel.php(191): Illuminate\Foundation\Application->bootstrapWith()
#9 /var/www/vendor/laravel/framework/src/Illuminate/Foundation/Console/Kernel.php(88): Illuminate\Foundation\Console\Kernel->bootstrap()
#10 /var/www/artisan(36): Illuminate\Foundation\Console\Kernel->handle()
#11 /var/www/artisan(0): {main}()
#12 {main}  
[2015-04-29 07:34:46] production.ERROR: exception 'Symfony\Component\Debug\Exception\FatalErrorException' with message 'Class 'eBibliothek\Providers\AppServiceProvider' not found' in /var/www/vendor/compiled.php:6466
Stack trace:
#0 /var/www/vendor/compiled.php(1743): Symfony\Component\Debug\Exception\FatalErrorException->__construct()
#1 /var/www/vendor/compiled.php(1738): Illuminate\Foundation\Bootstrap\HandleExceptions->fatalExceptionFromError()
#2 /var/www/vendor/compiled.php(0): Illuminate\Foundation\Bootstrap\HandleExceptions->handleShutdown()
#3 /var/www/vendor/compiled.php(6452): Illuminate\Foundation\ProviderRepository->createProvider()
#4 /var/www/vendor/compiled.php(6428): Illuminate\Foundation\ProviderRepository->compileManifest()
#5 /var/www/vendor/compiled.php(1421): Illuminate\Foundation\ProviderRepository->load()
#6 /var/www/vendor/compiled.php(1775): Illuminate\Foundation\Application->registerConfiguredProviders()
#7 /var/www/vendor/compiled.php(1311): Illuminate\Foundation\Bootstrap\RegisterProviders->bootstrap()
#8 /var/www/vendor/laravel/framework/src/Illuminate/Foundation/Console/Kernel.php(191): Illuminate\Foundation\Application->bootstrapWith()
#9 /var/www/vendor/laravel/framework/src/Illuminate/Foundation/Console/Kernel.php(88): Illuminate\Foundation\Console\Kernel->bootstrap()
#10 /var/www/artisan(36): Illuminate\Foundation\Console\Kernel->handle()
#11 /var/www/artisan(0): {main}()
#12 {main}  
[2015-04-29 07:36:02] production.ERROR: exception 'Symfony\Component\Debug\Exception\FatalErrorException' with message 'Class 'eBibliothek\Providers\AppServiceProvider' not found' in /var/www/vendor/compiled.php:6466
Stack trace:
#0 /var/www/vendor/compiled.php(1743): Symfony\Component\Debug\Exception\FatalErrorException->__construct()
#1 /var/www/vendor/compiled.php(1738): Illuminate\Foundation\Bootstrap\HandleExceptions->fatalExceptionFromError()
#2 /var/www/vendor/compiled.php(0): Illuminate\Foundation\Bootstrap\HandleExceptions->handleShutdown()
#3 /var/www/vendor/compiled.php(6452): Illuminate\Foundation\ProviderRepository->createProvider()
#4 /var/www/vendor/compiled.php(6428): Illuminate\Foundation\ProviderRepository->compileManifest()
#5 /var/www/vendor/compiled.php(1421): Illuminate\Foundation\ProviderRepository->load()
#6 /var/www/vendor/compiled.php(1775): Illuminate\Foundation\Application->registerConfiguredProviders()
#7 /var/www/vendor/compiled.php(1311): Illuminate\Foundation\Bootstrap\RegisterProviders->bootstrap()
#8 /var/www/vendor/laravel/framework/src/Illuminate/Foundation/Console/Kernel.php(191): Illuminate\Foundation\Application->bootstrapWith()
#9 /var/www/vendor/laravel/framework/src/Illuminate/Foundation/Console/Kernel.php(88): Illuminate\Foundation\Console\Kernel->bootstrap()
#10 /var/www/artisan(36): Illuminate\Foundation\Console\Kernel->handle()
#11 /var/www/artisan(0): {main}()
#12 {main}  
[2015-04-29 07:38:26] production.ERROR: exception 'Symfony\Component\Debug\Exception\FatalErrorException' with message 'Class 'eBibliothek\Providers\AppServiceProvider' not found' in /var/www/vendor/compiled.php:6466
Stack trace:
#0 /var/www/vendor/compiled.php(1743): Symfony\Component\Debug\Exception\FatalErrorException->__construct()
#1 /var/www/vendor/compiled.php(1738): Illuminate\Foundation\Bootstrap\HandleExceptions->fatalExceptionFromError()
#2 /var/www/vendor/compiled.php(0): Illuminate\Foundation\Bootstrap\HandleExceptions->handleShutdown()
#3 /var/www/vendor/compiled.php(6452): Illuminate\Foundation\ProviderRepository->createProvider()
#4 /var/www/vendor/compiled.php(6428): Illuminate\Foundation\ProviderRepository->compileManifest()
#5 /var/www/vendor/compiled.php(1421): Illuminate\Foundation\ProviderRepository->load()
#6 /var/www/vendor/compiled.php(1775): Illuminate\Foundation\Application->registerConfiguredProviders()
#7 /var/www/vendor/compiled.php(1311): Illuminate\Foundation\Bootstrap\RegisterProviders->bootstrap()
#8 /var/www/vendor/laravel/framework/src/Illuminate/Foundation/Console/Kernel.php(191): Illuminate\Foundation\Application->bootstrapWith()
#9 /var/www/vendor/laravel/framework/src/Illuminate/Foundation/Console/Kernel.php(88): Illuminate\Foundation\Console\Kernel->bootstrap()
#10 /var/www/artisan(36): Illuminate\Foundation\Console\Kernel->handle()
#11 /var/www/artisan(0): {main}()
#12 {main}  
[2015-04-29 07:38:36] production.ERROR: exception 'Symfony\Component\Debug\Exception\FatalErrorException' with message 'Class 'eBibliothek\Providers\AppServiceProvider' not found' in /var/www/vendor/compiled.php:6466
Stack trace:
#0 /var/www/vendor/compiled.php(1743): Symfony\Component\Debug\Exception\FatalErrorException->__construct()
#1 /var/www/vendor/compiled.php(1738): Illuminate\Foundation\Bootstrap\HandleExceptions->fatalExceptionFromError()
#2 /var/www/vendor/compiled.php(0): Illuminate\Foundation\Bootstrap\HandleExceptions->handleShutdown()
#3 /var/www/vendor/compiled.php(6452): Illuminate\Foundation\ProviderRepository->createProvider()
#4 /var/www/vendor/compiled.php(6428): Illuminate\Foundation\ProviderRepository->compileManifest()
#5 /var/www/vendor/compiled.php(1421): Illuminate\Foundation\ProviderRepository->load()
#6 /var/www/vendor/compiled.php(1775): Illuminate\Foundation\Application->registerConfiguredProviders()
#7 /var/www/vendor/compiled.php(1311): Illuminate\Foundation\Bootstrap\RegisterProviders->bootstrap()
#8 /var/www/vendor/laravel/framework/src/Illuminate/Foundation/Console/Kernel.php(191): Illuminate\Foundation\Application->bootstrapWith()
#9 /var/www/vendor/laravel/framework/src/Illuminate/Foundation/Console/Kernel.php(88): Illuminate\Foundation\Console\Kernel->bootstrap()
#10 /var/www/artisan(36): Illuminate\Foundation\Console\Kernel->handle()
#11 /var/www/artisan(0): {main}()
#12 {main}  
[2015-04-29 07:38:40] production.ERROR: exception 'Symfony\Component\Debug\Exception\FatalErrorException' with message 'Class 'eBibliothek\Providers\AppServiceProvider' not found' in /var/www/vendor/compiled.php:6466
Stack trace:
#0 /var/www/vendor/compiled.php(1743): Symfony\Component\Debug\Exception\FatalErrorException->__construct()
#1 /var/www/vendor/compiled.php(1738): Illuminate\Foundation\Bootstrap\HandleExceptions->fatalExceptionFromError()
#2 /var/www/vendor/compiled.php(0): Illuminate\Foundation\Bootstrap\HandleExceptions->handleShutdown()
#3 /var/www/vendor/compiled.php(6452): Illuminate\Foundation\ProviderRepository->createProvider()
#4 /var/www/vendor/compiled.php(6428): Illuminate\Foundation\ProviderRepository->compileManifest()
#5 /var/www/vendor/compiled.php(1421): Illuminate\Foundation\ProviderRepository->load()
#6 /var/www/vendor/compiled.php(1775): Illuminate\Foundation\Application->registerConfiguredProviders()
#7 /var/www/vendor/compiled.php(1311): Illuminate\Foundation\Bootstrap\RegisterProviders->bootstrap()
#8 /var/www/vendor/laravel/framework/src/Illuminate/Foundation/Console/Kernel.php(191): Illuminate\Foundation\Application->bootstrapWith()
#9 /var/www/vendor/laravel/framework/src/Illuminate/Foundation/Console/Kernel.php(88): Illuminate\Foundation\Console\Kernel->bootstrap()
#10 /var/www/artisan(36): Illuminate\Foundation\Console\Kernel->handle()
#11 /var/www/artisan(0): {main}()
#12 {main}  
[2015-04-29 07:38:43] production.ERROR: exception 'Symfony\Component\Debug\Exception\FatalErrorException' with message 'Class 'eBibliothek\Providers\AppServiceProvider' not found' in /var/www/vendor/compiled.php:6466
Stack trace:
#0 /var/www/vendor/compiled.php(1743): Symfony\Component\Debug\Exception\FatalErrorException->__construct()
#1 /var/www/vendor/compiled.php(1738): Illuminate\Foundation\Bootstrap\HandleExceptions->fatalExceptionFromError()
#2 /var/www/vendor/compiled.php(0): Illuminate\Foundation\Bootstrap\HandleExceptions->handleShutdown()
#3 /var/www/vendor/compiled.php(6452): Illuminate\Foundation\ProviderRepository->createProvider()
#4 /var/www/vendor/compiled.php(6428): Illuminate\Foundation\ProviderRepository->compileManifest()
#5 /var/www/vendor/compiled.php(1421): Illuminate\Foundation\ProviderRepository->load()
#6 /var/www/vendor/compiled.php(1775): Illuminate\Foundation\Application->registerConfiguredProviders()
#7 /var/www/vendor/compiled.php(1311): Illuminate\Foundation\Bootstrap\RegisterProviders->bootstrap()
#8 /var/www/vendor/laravel/framework/src/Illuminate/Foundation/Console/Kernel.php(191): Illuminate\Foundation\Application->bootstrapWith()
#9 /var/www/vendor/laravel/framework/src/Illuminate/Foundation/Console/Kernel.php(88): Illuminate\Foundation\Console\Kernel->bootstrap()
#10 /var/www/artisan(36): Illuminate\Foundation\Console\Kernel->handle()
#11 /var/www/artisan(0): {main}()
#12 {main}  
[2015-04-29 07:41:35] production.ERROR: exception 'Symfony\Component\Debug\Exception\FatalErrorException' with message 'Class 'eBibliothek\Providers\AppServiceProvider' not found' in /var/www/vendor/compiled.php:6466
Stack trace:
#0 /var/www/vendor/compiled.php(1743): Symfony\Component\Debug\Exception\FatalErrorException->__construct()
#1 /var/www/vendor/compiled.php(1738): Illuminate\Foundation\Bootstrap\HandleExceptions->fatalExceptionFromError()
#2 /var/www/vendor/compiled.php(0): Illuminate\Foundation\Bootstrap\HandleExceptions->handleShutdown()
#3 /var/www/vendor/compiled.php(6452): Illuminate\Foundation\ProviderRepository->createProvider()
#4 /var/www/vendor/compiled.php(6428): Illuminate\Foundation\ProviderRepository->compileManifest()
#5 /var/www/vendor/compiled.php(1421): Illuminate\Foundation\ProviderRepository->load()
#6 /var/www/vendor/compiled.php(1775): Illuminate\Foundation\Application->registerConfiguredProviders()
#7 /var/www/vendor/compiled.php(1311): Illuminate\Foundation\Bootstrap\RegisterProviders->bootstrap()
#8 /var/www/vendor/laravel/framework/src/Illuminate/Foundation/Console/Kernel.php(195): Illuminate\Foundation\Application->bootstrapWith()
#9 /var/www/vendor/laravel/framework/src/Illuminate/Foundation/Console/Kernel.php(92): Illuminate\Foundation\Console\Kernel->bootstrap()
#10 /var/www/artisan(36): Illuminate\Foundation\Console\Kernel->handle()
#11 /var/www/artisan(0): {main}()
#12 {main}  
[2015-04-29 07:41:36] production.ERROR: exception 'Symfony\Component\Debug\Exception\FatalErrorException' with message 'Class 'eBibliothek\Providers\AppServiceProvider' not found' in /var/www/vendor/compiled.php:6466
Stack trace:
#0 /var/www/vendor/compiled.php(1743): Symfony\Component\Debug\Exception\FatalErrorException->__construct()
#1 /var/www/vendor/compiled.php(1738): Illuminate\Foundation\Bootstrap\HandleExceptions->fatalExceptionFromError()
#2 /var/www/vendor/compiled.php(0): Illuminate\Foundation\Bootstrap\HandleExceptions->handleShutdown()
#3 /var/www/vendor/compiled.php(6452): Illuminate\Foundation\ProviderRepository->createProvider()
#4 /var/www/vendor/compiled.php(6428): Illuminate\Foundation\ProviderRepository->compileManifest()
#5 /var/www/vendor/compiled.php(1421): Illuminate\Foundation\ProviderRepository->load()
#6 /var/www/vendor/compiled.php(1775): Illuminate\Foundation\Application->registerConfiguredProviders()
#7 /var/www/vendor/compiled.php(1311): Illuminate\Foundation\Bootstrap\RegisterProviders->bootstrap()
#8 /var/www/vendor/laravel/framework/src/Illuminate/Foundation/Console/Kernel.php(195): Illuminate\Foundation\Application->bootstrapWith()
#9 /var/www/vendor/laravel/framework/src/Illuminate/Foundation/Console/Kernel.php(92): Illuminate\Foundation\Console\Kernel->bootstrap()
#10 /var/www/artisan(36): Illuminate\Foundation\Console\Kernel->handle()
#11 /var/www/artisan(0): {main}()
#12 {main}  
